  DXRSExampleGIScene.cpp
C:\Users\Zhenya\Documents\GraphicsProgramming\DXR-Sandbox\source\DXRSGraphics.h(74,1): warning C4267: 'argument': conversion from 'size_t' to 'UINT', possible loss of data
C:\Users\Zhenya\Documents\GraphicsProgramming\DXR-Sandbox\source\DXRSMesh.h(50,23): warning C4267: 'return': conversion from 'size_t' to 'UINT', possible loss of data
C:\Users\Zhenya\Documents\GraphicsProgramming\DXR-Sandbox\source\DXRSExampleGIScene.h(111,55): warning C4305: 'initializing': truncation from 'double' to 'float'
C:\Users\Zhenya\Documents\GraphicsProgramming\DXR-Sandbox\source\DXRSExampleGIScene.cpp(43,182): warning C4305: 'argument': truncation from 'double' to 'float'
C:\Users\Zhenya\Documents\GraphicsProgramming\DXR-Sandbox\source\DXRSExampleGIScene.cpp(410,135): warning C4244: 'argument': conversion from 'LONG' to 'FLOAT', possible loss of data
C:\Users\Zhenya\Documents\GraphicsProgramming\DXR-Sandbox\source\DXRSExampleGIScene.cpp(410,93): warning C4244: 'argument': conversion from 'LONG' to 'FLOAT', possible loss of data
C:\Users\Zhenya\Documents\GraphicsProgramming\DXR-Sandbox\source\DXRSExampleGIScene.cpp(411,41): warning C4244: 'argument': conversion from 'float' to 'LONG', possible loss of data
C:\Users\Zhenya\Documents\GraphicsProgramming\DXR-Sandbox\source\DXRSExampleGIScene.cpp(411,35): warning C4244: 'argument': conversion from 'float' to 'LONG', possible loss of data
C:\Users\Zhenya\Documents\GraphicsProgramming\DXR-Sandbox\source\DXRSExampleGIScene.cpp(559,14): warning C4244: 'initializing': conversion from 'LONG' to 'float', possible loss of data
C:\Users\Zhenya\Documents\GraphicsProgramming\DXR-Sandbox\source\DXRSExampleGIScene.cpp(560,15): warning C4244: 'initializing': conversion from 'LONG' to 'float', possible loss of data
C:\Users\Zhenya\Documents\GraphicsProgramming\DXR-Sandbox\source\DXRSExampleGIScene.cpp(639,30): warning C4244: '=': conversion from 'int' to 'float', possible loss of data
C:\Users\Zhenya\Documents\GraphicsProgramming\DXR-Sandbox\source\DXRSExampleGIScene.cpp(640,30): warning C4244: '=': conversion from 'int' to 'float', possible loss of data
C:\Users\Zhenya\Documents\GraphicsProgramming\DXR-Sandbox\source\DXRSExampleGIScene.cpp(659,14): warning C4244: 'initializing': conversion from 'LONG' to 'float', possible loss of data
C:\Users\Zhenya\Documents\GraphicsProgramming\DXR-Sandbox\source\DXRSExampleGIScene.cpp(660,15): warning C4244: 'initializing': conversion from 'LONG' to 'float', possible loss of data
     Creating library C:\Users\Zhenya\Documents\GraphicsProgramming\DXR-Sandbox\\bin\x64\Release\DXR-Sandbox.lib and object C:\Users\Zhenya\Documents\GraphicsProgramming\DXR-Sandbox\\bin\x64\Release\DXR-Sandbox.exp
  Generating code
  1 of 2729 functions (<0.1%) were compiled, the rest were copied from previous compilation.
    0 functions were new in current compilation
    23 functions had inline decision re-evaluated but remain unchanged
  Finished generating code
  DXR-Sandbox.vcxproj -> C:\Users\Zhenya\Documents\GraphicsProgramming\DXR-Sandbox\\bin\x64\Release\DXR-Sandbox.exe
