c:\users\zhenya\documents\graphicsprogramming\dxr-sandboxgi\bin\x64\release\vc142.pdb
c:\users\zhenya\documents\graphicsprogramming\dxr-sandboxgi\bin\x64\release\rootsignature.obj
c:\users\zhenya\documents\graphicsprogramming\dxr-sandboxgi\bin\x64\release\raytracingpipelinegenerator.obj
c:\users\zhenya\documents\graphicsprogramming\dxr-sandboxgi\bin\x64\release\pipelinestateobject.obj
c:\users\zhenya\documents\graphicsprogramming\dxr-sandboxgi\bin\x64\release\dxrsrendertarget.obj
c:\users\zhenya\documents\graphicsprogramming\dxr-sandboxgi\bin\x64\release\dxrsexamplertscene.obj
c:\users\zhenya\documents\graphicsprogramming\dxr-sandboxgi\bin\x64\release\dxrsmodelmaterial.obj
c:\users\zhenya\documents\graphicsprogramming\dxr-sandboxgi\bin\x64\release\dxrsmesh.obj
c:\users\zhenya\documents\graphicsprogramming\dxr-sandboxgi\bin\x64\release\dxrs.obj
c:\users\zhenya\documents\graphicsprogramming\dxr-sandboxgi\bin\x64\release\dxrsmodel.obj
c:\users\zhenya\documents\graphicsprogramming\dxr-sandboxgi\bin\x64\release\dxrsgraphics.obj
c:\users\zhenya\documents\graphicsprogramming\dxr-sandboxgi\bin\x64\release\dxrsexamplegiscene.obj
c:\users\zhenya\documents\graphicsprogramming\dxr-sandboxgi\bin\x64\release\dxrsdepthbuffer.obj
c:\users\zhenya\documents\graphicsprogramming\dxr-sandboxgi\bin\x64\release\dxrsbuffer.obj
c:\users\zhenya\documents\graphicsprogramming\dxr-sandboxgi\bin\x64\release\descriptorheap.obj
c:\users\zhenya\documents\graphicsprogramming\dxr-sandboxgi\bin\x64\release\imgui_widgets.obj
c:\users\zhenya\documents\graphicsprogramming\dxr-sandboxgi\bin\x64\release\imgui_impl_win32.obj
c:\users\zhenya\documents\graphicsprogramming\dxr-sandboxgi\bin\x64\release\imgui_impl_dx12.obj
c:\users\zhenya\documents\graphicsprogramming\dxr-sandboxgi\bin\x64\release\imgui_draw.obj
c:\users\zhenya\documents\graphicsprogramming\dxr-sandboxgi\bin\x64\release\imgui_demo.obj
c:\users\zhenya\documents\graphicsprogramming\dxr-sandboxgi\bin\x64\release\imgui.obj
c:\users\zhenya\documents\graphicsprogramming\dxr-sandboxgi\bin\x64\release\shaderbindingtablegenerator.obj
c:\users\zhenya\documents\graphicsprogramming\dxr-sandboxgi\bin\x64\release\dxr-sandbox-gi.lib
c:\users\zhenya\documents\graphicsprogramming\dxr-sandboxgi\bin\x64\release\dxr-sandbox-gi.exp
c:\users\zhenya\documents\graphicsprogramming\dxr-sandboxgi\bin\x64\release\dxr-sandbox-gi.ipdb
c:\users\zhenya\documents\graphicsprogramming\dxr-sandboxgi\bin\x64\release\dxr-sandbox-gi.iobj
c:\users\zhenya\documents\graphicsprogramming\dxr-sandboxgi\bin\x64\release\dxr-sandbox-gi.exe
c:\users\zhenya\documents\graphicsprogramming\dxr-sandboxgi\bin\x64\release\dxr-sandbox-gi.pdb
c:\users\zhenya\documents\graphicsprogramming\dxr-sandboxgi\bin\x64\release\dxr-sandbox.res
c:\users\zhenya\documents\graphicsprogramming\dxr-sandboxgi\\bin\x64\release\dxr-sandbox-gi.pdb
c:\users\zhenya\documents\graphicsprogramming\dxr-sandboxgi\bin\x64\release\dxr-sandbox-gi.tlog\cl.command.1.tlog
c:\users\zhenya\documents\graphicsprogramming\dxr-sandboxgi\bin\x64\release\dxr-sandbox-gi.tlog\cl.read.1.tlog
c:\users\zhenya\documents\graphicsprogramming\dxr-sandboxgi\bin\x64\release\dxr-sandbox-gi.tlog\cl.write.1.tlog
c:\users\zhenya\documents\graphicsprogramming\dxr-sandboxgi\bin\x64\release\dxr-sandbox-gi.tlog\dxr-sandbox-gi.write.1u.tlog
c:\users\zhenya\documents\graphicsprogramming\dxr-sandboxgi\bin\x64\release\dxr-sandbox-gi.tlog\link.command.1.tlog
c:\users\zhenya\documents\graphicsprogramming\dxr-sandboxgi\bin\x64\release\dxr-sandbox-gi.tlog\link.read.1.tlog
c:\users\zhenya\documents\graphicsprogramming\dxr-sandboxgi\bin\x64\release\dxr-sandbox-gi.tlog\link.write.1.tlog
c:\users\zhenya\documents\graphicsprogramming\dxr-sandboxgi\bin\x64\release\dxr-sandbox-gi.tlog\rc.command.1.tlog
c:\users\zhenya\documents\graphicsprogramming\dxr-sandboxgi\bin\x64\release\dxr-sandbox-gi.tlog\rc.read.1.tlog
c:\users\zhenya\documents\graphicsprogramming\dxr-sandboxgi\bin\x64\release\dxr-sandbox-gi.tlog\rc.write.1.tlog
