c:\users\zhenya\documents\graphicsprogramming\dxr-sandboxgi\bin\x64\debug\vc142.pdb
c:\users\zhenya\documents\graphicsprogramming\dxr-sandboxgi\bin\x64\debug\vc142.idb
c:\users\zhenya\documents\graphicsprogramming\dxr-sandboxgi\bin\x64\debug\rootsignature.obj
c:\users\zhenya\documents\graphicsprogramming\dxr-sandboxgi\bin\x64\debug\raytracingpipelinegenerator.obj
c:\users\zhenya\documents\graphicsprogramming\dxr-sandboxgi\bin\x64\debug\pipelinestateobject.obj
c:\users\zhenya\documents\graphicsprogramming\dxr-sandboxgi\bin\x64\debug\dxrsrendertarget.obj
c:\users\zhenya\documents\graphicsprogramming\dxr-sandboxgi\bin\x64\debug\dxrsexamplertscene.obj
c:\users\zhenya\documents\graphicsprogramming\dxr-sandboxgi\bin\x64\debug\dxrsmodelmaterial.obj
c:\users\zhenya\documents\graphicsprogramming\dxr-sandboxgi\bin\x64\debug\dxrsmesh.obj
c:\users\zhenya\documents\graphicsprogramming\dxr-sandboxgi\bin\x64\debug\dxrs.obj
c:\users\zhenya\documents\graphicsprogramming\dxr-sandboxgi\bin\x64\debug\dxrsmodel.obj
c:\users\zhenya\documents\graphicsprogramming\dxr-sandboxgi\bin\x64\debug\dxrsgraphics.obj
c:\users\zhenya\documents\graphicsprogramming\dxr-sandboxgi\bin\x64\debug\dxrsexamplegiscene.obj
c:\users\zhenya\documents\graphicsprogramming\dxr-sandboxgi\bin\x64\debug\dxrsdepthbuffer.obj
c:\users\zhenya\documents\graphicsprogramming\dxr-sandboxgi\bin\x64\debug\dxrsbuffer.obj
c:\users\zhenya\documents\graphicsprogramming\dxr-sandboxgi\bin\x64\debug\descriptorheap.obj
c:\users\zhenya\documents\graphicsprogramming\dxr-sandboxgi\bin\x64\debug\imgui_widgets.obj
c:\users\zhenya\documents\graphicsprogramming\dxr-sandboxgi\bin\x64\debug\imgui_impl_win32.obj
c:\users\zhenya\documents\graphicsprogramming\dxr-sandboxgi\bin\x64\debug\imgui_impl_dx12.obj
c:\users\zhenya\documents\graphicsprogramming\dxr-sandboxgi\bin\x64\debug\imgui_draw.obj
c:\users\zhenya\documents\graphicsprogramming\dxr-sandboxgi\bin\x64\debug\imgui_demo.obj
c:\users\zhenya\documents\graphicsprogramming\dxr-sandboxgi\bin\x64\debug\imgui.obj
c:\users\zhenya\documents\graphicsprogramming\dxr-sandboxgi\bin\x64\debug\shaderbindingtablegenerator.obj
c:\users\zhenya\documents\graphicsprogramming\dxr-sandboxgi\bin\x64\debug\dxr-sandbox-gi.lib
c:\users\zhenya\documents\graphicsprogramming\dxr-sandboxgi\bin\x64\debug\dxr-sandbox-gi.exp
c:\users\zhenya\documents\graphicsprogramming\dxr-sandboxgi\bin\x64\debug\dxr-sandbox-gi.exe
c:\users\zhenya\documents\graphicsprogramming\dxr-sandboxgi\bin\x64\debug\dxr-sandbox-gi.pdb
c:\users\zhenya\documents\graphicsprogramming\dxr-sandboxgi\bin\x64\debug\dxr-sandbox.res
c:\users\zhenya\documents\graphicsprogramming\dxr-sandboxgi\bin\x64\debug\dxr-sandbox-gi.tlog\cl.command.1.tlog
c:\users\zhenya\documents\graphicsprogramming\dxr-sandboxgi\bin\x64\debug\dxr-sandbox-gi.tlog\cl.read.1.tlog
c:\users\zhenya\documents\graphicsprogramming\dxr-sandboxgi\bin\x64\debug\dxr-sandbox-gi.tlog\cl.write.1.tlog
c:\users\zhenya\documents\graphicsprogramming\dxr-sandboxgi\bin\x64\debug\dxr-sandbox-gi.tlog\dxr-sandbox-gi.write.1u.tlog
c:\users\zhenya\documents\graphicsprogramming\dxr-sandboxgi\bin\x64\debug\dxr-sandbox-gi.tlog\link.command.1.tlog
c:\users\zhenya\documents\graphicsprogramming\dxr-sandboxgi\bin\x64\debug\dxr-sandbox-gi.tlog\link.read.1.tlog
c:\users\zhenya\documents\graphicsprogramming\dxr-sandboxgi\bin\x64\debug\dxr-sandbox-gi.tlog\link.write.1.tlog
c:\users\zhenya\documents\graphicsprogramming\dxr-sandboxgi\bin\x64\debug\dxr-sandbox-gi.tlog\rc.command.1.tlog
c:\users\zhenya\documents\graphicsprogramming\dxr-sandboxgi\bin\x64\debug\dxr-sandbox-gi.tlog\rc.read.1.tlog
c:\users\zhenya\documents\graphicsprogramming\dxr-sandboxgi\bin\x64\debug\dxr-sandbox-gi.tlog\rc.write.1.tlog
