  DXRS.cpp
C:\Users\Zhenya\Documents\GraphicsProgramming\DXR-SandboxGI\source\DXRSGraphics.h(90,1): warning C4267: 'argument': conversion from 'size_t' to 'UINT', possible loss of data
C:\Users\Zhenya\Documents\GraphicsProgramming\DXR-SandboxGI\source\DescriptorHeap.h(5,10): warning C4067: unexpected tokens following preprocessor directive - expected a newline
C:\Users\Zhenya\Documents\GraphicsProgramming\DXR-SandboxGI\source\DXRSMesh.h(50,23): warning C4267: 'return': conversion from 'size_t' to 'UINT', possible loss of data
C:\Users\Zhenya\Documents\GraphicsProgramming\DXR-SandboxGI\source\DXRSExampleRTScene.h(121,58): warning C4305: 'initializing': truncation from 'double' to 'float'
C:\Users\Zhenya\Documents\GraphicsProgramming\DXR-SandboxGI\source\DXRSExampleGIScene.h(271,55): warning C4305: 'initializing': truncation from 'double' to 'float'
C:\Users\Zhenya\Documents\GraphicsProgramming\DXR-SandboxGI\source\DXRSExampleGIScene.h(272,59): warning C4305: 'initializing': truncation from 'double' to 'float'
  DXRSExampleGIScene.cpp
C:\Users\Zhenya\Documents\GraphicsProgramming\DXR-SandboxGI\source\DXRSGraphics.h(90,1): warning C4267: 'argument': conversion from 'size_t' to 'UINT', possible loss of data
C:\Users\Zhenya\Documents\GraphicsProgramming\DXR-SandboxGI\source\DescriptorHeap.h(5,10): warning C4067: unexpected tokens following preprocessor directive - expected a newline
C:\Users\Zhenya\Documents\GraphicsProgramming\DXR-SandboxGI\source\DXRSMesh.h(50,23): warning C4267: 'return': conversion from 'size_t' to 'UINT', possible loss of data
C:\Users\Zhenya\Documents\GraphicsProgramming\DXR-SandboxGI\source\DXRSExampleGIScene.h(271,55): warning C4305: 'initializing': truncation from 'double' to 'float'
C:\Users\Zhenya\Documents\GraphicsProgramming\DXR-SandboxGI\source\DXRSExampleGIScene.h(272,59): warning C4305: 'initializing': truncation from 'double' to 'float'
C:\Users\Zhenya\Documents\GraphicsProgramming\DXR-SandboxGI\source\DXRSExampleGIScene.cpp(48,209): warning C4305: 'argument': truncation from 'double' to 'float'
C:\Users\Zhenya\Documents\GraphicsProgramming\DXR-SandboxGI\source\DXRSExampleGIScene.cpp(53,235): warning C4305: 'argument': truncation from 'double' to 'float'
C:\Users\Zhenya\Documents\GraphicsProgramming\DXR-SandboxGI\source\DXRSExampleGIScene.cpp(54,233): warning C4305: 'argument': truncation from 'double' to 'float'
C:\Users\Zhenya\Documents\GraphicsProgramming\DXR-SandboxGI\source\DXRSExampleGIScene.cpp(55,253): warning C4305: 'argument': truncation from 'double' to 'float'
C:\Users\Zhenya\Documents\GraphicsProgramming\DXR-SandboxGI\source\DXRSExampleGIScene.cpp(56,286): warning C4305: 'argument': truncation from 'double' to 'float'
C:\Users\Zhenya\Documents\GraphicsProgramming\DXR-SandboxGI\source\DXRSExampleGIScene.cpp(182,37): warning C4244: '=': conversion from 'float' to 'INT', possible loss of data
C:\Users\Zhenya\Documents\GraphicsProgramming\DXR-SandboxGI\source\DXRSExampleGIScene.cpp(303,136): warning C4244: 'argument': conversion from 'LONG' to 'FLOAT', possible loss of data
C:\Users\Zhenya\Documents\GraphicsProgramming\DXR-SandboxGI\source\DXRSExampleGIScene.cpp(303,94): warning C4244: 'argument': conversion from 'LONG' to 'FLOAT', possible loss of data
C:\Users\Zhenya\Documents\GraphicsProgramming\DXR-SandboxGI\source\DXRSExampleGIScene.cpp(304,42): warning C4244: 'argument': conversion from 'float' to 'LONG', possible loss of data
C:\Users\Zhenya\Documents\GraphicsProgramming\DXR-SandboxGI\source\DXRSExampleGIScene.cpp(304,36): warning C4244: 'argument': conversion from 'float' to 'LONG', possible loss of data
C:\Users\Zhenya\Documents\GraphicsProgramming\DXR-SandboxGI\source\DXRSExampleGIScene.cpp(450,135): warning C4244: 'argument': conversion from 'LONG' to 'FLOAT', possible loss of data
C:\Users\Zhenya\Documents\GraphicsProgramming\DXR-SandboxGI\source\DXRSExampleGIScene.cpp(450,93): warning C4244: 'argument': conversion from 'LONG' to 'FLOAT', possible loss of data
C:\Users\Zhenya\Documents\GraphicsProgramming\DXR-SandboxGI\source\DXRSExampleGIScene.cpp(451,41): warning C4244: 'argument': conversion from 'float' to 'LONG', possible loss of data
C:\Users\Zhenya\Documents\GraphicsProgramming\DXR-SandboxGI\source\DXRSExampleGIScene.cpp(451,35): warning C4244: 'argument': conversion from 'float' to 'LONG', possible loss of data
C:\Users\Zhenya\Documents\GraphicsProgramming\DXR-SandboxGI\source\DXRSExampleGIScene.cpp(505,198): warning C4244: 'argument': conversion from 'double' to 'float', possible loss of data
C:\Users\Zhenya\Documents\GraphicsProgramming\DXR-SandboxGI\source\DXRSExampleGIScene.cpp(514,14): warning C4244: 'initializing': conversion from 'LONG' to 'float', possible loss of data
C:\Users\Zhenya\Documents\GraphicsProgramming\DXR-SandboxGI\source\DXRSExampleGIScene.cpp(515,15): warning C4244: 'initializing': conversion from 'LONG' to 'float', possible loss of data
C:\Users\Zhenya\Documents\GraphicsProgramming\DXR-SandboxGI\source\DXRSExampleGIScene.cpp(563,116): warning C4244: 'argument': conversion from 'int' to 'float', possible loss of data
C:\Users\Zhenya\Documents\GraphicsProgramming\DXR-SandboxGI\source\DXRSExampleGIScene.cpp(563,66): warning C4244: 'argument': conversion from 'int' to 'float', possible loss of data
C:\Users\Zhenya\Documents\GraphicsProgramming\DXR-SandboxGI\source\DXRSExampleGIScene.cpp(588,120): warning C4244: 'argument': conversion from 'int' to 'float', possible loss of data
C:\Users\Zhenya\Documents\GraphicsProgramming\DXR-SandboxGI\source\DXRSExampleGIScene.cpp(588,66): warning C4244: 'argument': conversion from 'int' to 'float', possible loss of data
C:\Users\Zhenya\Documents\GraphicsProgramming\DXR-SandboxGI\source\DXRSExampleGIScene.cpp(688,32): warning C4244: '=': conversion from 'double' to 'float', possible loss of data
C:\Users\Zhenya\Documents\GraphicsProgramming\DXR-SandboxGI\source\DXRSExampleGIScene.cpp(711,30): warning C4244: '=': conversion from 'int' to 'float', possible loss of data
C:\Users\Zhenya\Documents\GraphicsProgramming\DXR-SandboxGI\source\DXRSExampleGIScene.cpp(712,30): warning C4244: '=': conversion from 'int' to 'float', possible loss of data
C:\Users\Zhenya\Documents\GraphicsProgramming\DXR-SandboxGI\source\DXRSExampleGIScene.cpp(731,14): warning C4244: 'initializing': conversion from 'LONG' to 'float', possible loss of data
C:\Users\Zhenya\Documents\GraphicsProgramming\DXR-SandboxGI\source\DXRSExampleGIScene.cpp(732,15): warning C4244: 'initializing': conversion from 'LONG' to 'float', possible loss of data
C:\Users\Zhenya\Documents\GraphicsProgramming\DXR-SandboxGI\source\DXRSExampleGIScene.cpp(876,135): warning C4244: 'argument': conversion from 'LONG' to 'FLOAT', possible loss of data
C:\Users\Zhenya\Documents\GraphicsProgramming\DXR-SandboxGI\source\DXRSExampleGIScene.cpp(876,93): warning C4244: 'argument': conversion from 'LONG' to 'FLOAT', possible loss of data
C:\Users\Zhenya\Documents\GraphicsProgramming\DXR-SandboxGI\source\DXRSExampleGIScene.cpp(877,41): warning C4244: 'argument': conversion from 'float' to 'LONG', possible loss of data
C:\Users\Zhenya\Documents\GraphicsProgramming\DXR-SandboxGI\source\DXRSExampleGIScene.cpp(877,35): warning C4244: 'argument': conversion from 'float' to 'LONG', possible loss of data
C:\Users\Zhenya\Documents\GraphicsProgramming\DXR-SandboxGI\source\DXRSExampleGIScene.cpp(987,135): warning C4244: 'argument': conversion from 'LONG' to 'FLOAT', possible loss of data
C:\Users\Zhenya\Documents\GraphicsProgramming\DXR-SandboxGI\source\DXRSExampleGIScene.cpp(987,93): warning C4244: 'argument': conversion from 'LONG' to 'FLOAT', possible loss of data
C:\Users\Zhenya\Documents\GraphicsProgramming\DXR-SandboxGI\source\DXRSExampleGIScene.cpp(988,41): warning C4244: 'argument': conversion from 'float' to 'LONG', possible loss of data
C:\Users\Zhenya\Documents\GraphicsProgramming\DXR-SandboxGI\source\DXRSExampleGIScene.cpp(988,35): warning C4244: 'argument': conversion from 'float' to 'LONG', possible loss of data
C:\Users\Zhenya\Documents\GraphicsProgramming\DXR-SandboxGI\source\DXRSExampleGIScene.cpp(992,118): warning C4244: 'argument': conversion from 'int' to 'FLOAT', possible loss of data
C:\Users\Zhenya\Documents\GraphicsProgramming\DXR-SandboxGI\source\DXRSExampleGIScene.cpp(992,91): warning C4244: 'argument': conversion from 'int' to 'FLOAT', possible loss of data
C:\Users\Zhenya\Documents\GraphicsProgramming\DXR-SandboxGI\source\DXRSExampleGIScene.cpp(993,48): warning C4244: 'argument': conversion from 'float' to 'LONG', possible loss of data
C:\Users\Zhenya\Documents\GraphicsProgramming\DXR-SandboxGI\source\DXRSExampleGIScene.cpp(993,42): warning C4244: 'argument': conversion from 'float' to 'LONG', possible loss of data
C:\Users\Zhenya\Documents\GraphicsProgramming\DXR-SandboxGI\source\DXRSExampleGIScene.cpp(1100,110): warning C4244: 'argument': conversion from 'float' to 'int', possible loss of data
C:\Users\Zhenya\Documents\GraphicsProgramming\DXR-SandboxGI\source\DXRSExampleGIScene.cpp(1100,77): warning C4244: 'argument': conversion from 'float' to 'int', possible loss of data
C:\Users\Zhenya\Documents\GraphicsProgramming\DXR-SandboxGI\source\DXRSExampleGIScene.cpp(1102,123): warning C4244: 'argument': conversion from 'float' to 'int', possible loss of data
C:\Users\Zhenya\Documents\GraphicsProgramming\DXR-SandboxGI\source\DXRSExampleGIScene.cpp(1102,90): warning C4244: 'argument': conversion from 'float' to 'int', possible loss of data
C:\Users\Zhenya\Documents\GraphicsProgramming\DXR-SandboxGI\source\DXRSExampleGIScene.cpp(1104,126): warning C4244: 'argument': conversion from 'float' to 'int', possible loss of data
C:\Users\Zhenya\Documents\GraphicsProgramming\DXR-SandboxGI\source\DXRSExampleGIScene.cpp(1104,93): warning C4244: 'argument': conversion from 'float' to 'int', possible loss of data
C:\Users\Zhenya\Documents\GraphicsProgramming\DXR-SandboxGI\source\DXRSExampleGIScene.cpp(1395,135): warning C4244: 'argument': conversion from 'LONG' to 'FLOAT', possible loss of data
C:\Users\Zhenya\Documents\GraphicsProgramming\DXR-SandboxGI\source\DXRSExampleGIScene.cpp(1395,93): warning C4244: 'argument': conversion from 'LONG' to 'FLOAT', possible loss of data
C:\Users\Zhenya\Documents\GraphicsProgramming\DXR-SandboxGI\source\DXRSExampleGIScene.cpp(1396,41): warning C4244: 'argument': conversion from 'float' to 'LONG', possible loss of data
C:\Users\Zhenya\Documents\GraphicsProgramming\DXR-SandboxGI\source\DXRSExampleGIScene.cpp(1396,35): warning C4244: 'argument': conversion from 'float' to 'LONG', possible loss of data
C:\Users\Zhenya\Documents\GraphicsProgramming\DXR-SandboxGI\source\DXRSExampleGIScene.cpp(1423,131): warning C4244: 'argument': conversion from 'int' to 'FLOAT', possible loss of data
C:\Users\Zhenya\Documents\GraphicsProgramming\DXR-SandboxGI\source\DXRSExampleGIScene.cpp(1423,99): warning C4244: 'argument': conversion from 'int' to 'FLOAT', possible loss of data
C:\Users\Zhenya\Documents\GraphicsProgramming\DXR-SandboxGI\source\DXRSExampleGIScene.cpp(1424,47): warning C4244: 'argument': conversion from 'float' to 'LONG', possible loss of data
C:\Users\Zhenya\Documents\GraphicsProgramming\DXR-SandboxGI\source\DXRSExampleGIScene.cpp(1424,41): warning C4244: 'argument': conversion from 'float' to 'LONG', possible loss of data
C:\Users\Zhenya\Documents\GraphicsProgramming\DXR-SandboxGI\source\DXRSExampleGIScene.cpp(1474,124): warning C4244: 'argument': conversion from 'UINT' to 'FLOAT', possible loss of data
C:\Users\Zhenya\Documents\GraphicsProgramming\DXR-SandboxGI\source\DXRSExampleGIScene.cpp(1474,88): warning C4244: 'argument': conversion from 'UINT' to 'FLOAT', possible loss of data
C:\Users\Zhenya\Documents\GraphicsProgramming\DXR-SandboxGI\source\DXRSExampleGIScene.cpp(1475,58): warning C4244: 'argument': conversion from 'float' to 'LONG', possible loss of data
C:\Users\Zhenya\Documents\GraphicsProgramming\DXR-SandboxGI\source\DXRSExampleGIScene.cpp(1475,52): warning C4244: 'argument': conversion from 'float' to 'LONG', possible loss of data
C:\Users\Zhenya\Documents\GraphicsProgramming\DXR-SandboxGI\source\DXRSExampleGIScene.cpp(1570,105): warning C4244: 'argument': conversion from 'int' to 'FLOAT', possible loss of data
C:\Users\Zhenya\Documents\GraphicsProgramming\DXR-SandboxGI\source\DXRSExampleGIScene.cpp(1570,84): warning C4244: 'argument': conversion from 'int' to 'FLOAT', possible loss of data
C:\Users\Zhenya\Documents\GraphicsProgramming\DXR-SandboxGI\source\DXRSExampleGIScene.cpp(1571,47): warning C4244: 'argument': conversion from 'float' to 'LONG', possible loss of data
C:\Users\Zhenya\Documents\GraphicsProgramming\DXR-SandboxGI\source\DXRSExampleGIScene.cpp(1571,41): warning C4244: 'argument': conversion from 'float' to 'LONG', possible loss of data
C:\Users\Zhenya\Documents\GraphicsProgramming\DXR-SandboxGI\source\DXRSExampleGIScene.cpp(1810,135): warning C4244: 'argument': conversion from 'LONG' to 'FLOAT', possible loss of data
C:\Users\Zhenya\Documents\GraphicsProgramming\DXR-SandboxGI\source\DXRSExampleGIScene.cpp(1810,93): warning C4244: 'argument': conversion from 'LONG' to 'FLOAT', possible loss of data
C:\Users\Zhenya\Documents\GraphicsProgramming\DXR-SandboxGI\source\DXRSExampleGIScene.cpp(1811,41): warning C4244: 'argument': conversion from 'float' to 'LONG', possible loss of data
C:\Users\Zhenya\Documents\GraphicsProgramming\DXR-SandboxGI\source\DXRSExampleGIScene.cpp(1811,35): warning C4244: 'argument': conversion from 'float' to 'LONG', possible loss of data
C:\Users\Zhenya\Documents\GraphicsProgramming\DXR-SandboxGI\source\DXRSExampleGIScene.cpp(1817,46): warning C4244: 'argument': conversion from 'float' to 'LONG', possible loss of data
C:\Users\Zhenya\Documents\GraphicsProgramming\DXR-SandboxGI\source\DXRSExampleGIScene.cpp(1817,40): warning C4244: 'argument': conversion from 'float' to 'LONG', possible loss of data
C:\Users\Zhenya\Documents\GraphicsProgramming\DXR-SandboxGI\source\DXRSExampleGIScene.cpp(1879,46): warning C4244: 'argument': conversion from 'float' to 'LONG', possible loss of data
C:\Users\Zhenya\Documents\GraphicsProgramming\DXR-SandboxGI\source\DXRSExampleGIScene.cpp(1879,40): warning C4244: 'argument': conversion from 'float' to 'LONG', possible loss of data
C:\Users\Zhenya\Documents\GraphicsProgramming\DXR-SandboxGI\source\DXRSExampleGIScene.cpp(2240,114): warning C4244: 'argument': conversion from 'float' to 'int', possible loss of data
C:\Users\Zhenya\Documents\GraphicsProgramming\DXR-SandboxGI\source\DXRSExampleGIScene.cpp(2240,81): warning C4244: 'argument': conversion from 'float' to 'int', possible loss of data
C:\Users\Zhenya\Documents\GraphicsProgramming\DXR-SandboxGI\source\DXRSExampleGIScene.cpp(2380,135): warning C4244: 'argument': conversion from 'LONG' to 'FLOAT', possible loss of data
C:\Users\Zhenya\Documents\GraphicsProgramming\DXR-SandboxGI\source\DXRSExampleGIScene.cpp(2380,93): warning C4244: 'argument': conversion from 'LONG' to 'FLOAT', possible loss of data
C:\Users\Zhenya\Documents\GraphicsProgramming\DXR-SandboxGI\source\DXRSExampleGIScene.cpp(2381,41): warning C4244: 'argument': conversion from 'float' to 'LONG', possible loss of data
C:\Users\Zhenya\Documents\GraphicsProgramming\DXR-SandboxGI\source\DXRSExampleGIScene.cpp(2381,35): warning C4244: 'argument': conversion from 'float' to 'LONG', possible loss of data
C:\Users\Zhenya\Documents\GraphicsProgramming\DXR-SandboxGI\source\DXRSExampleGIScene.cpp(2412,46): warning C4244: 'argument': conversion from 'float' to 'LONG', possible loss of data
C:\Users\Zhenya\Documents\GraphicsProgramming\DXR-SandboxGI\source\DXRSExampleGIScene.cpp(2412,40): warning C4244: 'argument': conversion from 'float' to 'LONG', possible loss of data
C:\Users\Zhenya\Documents\GraphicsProgramming\DXR-SandboxGI\source\DXRSExampleGIScene.cpp(2602,113): warning C4244: 'argument': conversion from 'int' to 'FLOAT', possible loss of data
C:\Users\Zhenya\Documents\GraphicsProgramming\DXR-SandboxGI\source\DXRSExampleGIScene.cpp(2602,88): warning C4244: 'argument': conversion from 'int' to 'FLOAT', possible loss of data
C:\Users\Zhenya\Documents\GraphicsProgramming\DXR-SandboxGI\source\DXRSExampleGIScene.cpp(2603,47): warning C4244: 'argument': conversion from 'float' to 'LONG', possible loss of data
C:\Users\Zhenya\Documents\GraphicsProgramming\DXR-SandboxGI\source\DXRSExampleGIScene.cpp(2603,41): warning C4244: 'argument': conversion from 'float' to 'LONG', possible loss of data
C:\Users\Zhenya\Documents\GraphicsProgramming\DXR-SandboxGI\source\DXRSExampleGIScene.cpp(2831,135): warning C4244: 'argument': conversion from 'LONG' to 'FLOAT', possible loss of data
C:\Users\Zhenya\Documents\GraphicsProgramming\DXR-SandboxGI\source\DXRSExampleGIScene.cpp(2831,93): warning C4244: 'argument': conversion from 'LONG' to 'FLOAT', possible loss of data
C:\Users\Zhenya\Documents\GraphicsProgramming\DXR-SandboxGI\source\DXRSExampleGIScene.cpp(2832,41): warning C4244: 'argument': conversion from 'float' to 'LONG', possible loss of data
C:\Users\Zhenya\Documents\GraphicsProgramming\DXR-SandboxGI\source\DXRSExampleGIScene.cpp(2832,35): warning C4244: 'argument': conversion from 'float' to 'LONG', possible loss of data
  Generating Code...
imgui.obj : warning LNK4075: ignoring '/EDITANDCONTINUE' due to '/INCREMENTAL:NO' specification
     Creating library C:\Users\Zhenya\Documents\GraphicsProgramming\DXR-SandboxGI\\bin\x64\Debug\DXR-Sandbox-GI.lib and object C:\Users\Zhenya\Documents\GraphicsProgramming\DXR-SandboxGI\\bin\x64\Debug\DXR-Sandbox-GI.exp
  DXR-Sandbox.vcxproj -> C:\Users\Zhenya\Documents\GraphicsProgramming\DXR-SandboxGI\bin\x64\Debug\DXR-Sandbox-GI.exe
